<?xml version="1.0" encoding="UTF-8"?>
<!-- Generated by org.testng.reporters.JUnitReportReporter -->
<testsuite hostname="Jai-PC" name="test.TestSignup" tests="9" failures="0" timestamp="21 Jun 2018 12:11:53 GMT" time="142.193" errors="0">
  <testcase name="signUp" time="15.528" classname="test.TestSignup"/>
  <testcase name="signUp" time="15.519" classname="test.TestSignup"/>
  <testcase name="signUp" time="14.641" classname="test.TestSignup"/>
  <testcase name="signUp" time="16.613" classname="test.TestSignup"/>
  <testcase name="signUp" time="15.821" classname="test.TestSignup"/>
  <testcase name="signUp" time="15.032" classname="test.TestSignup"/>
  <testcase name="signUp" time="15.609" classname="test.TestSignup"/>
  <testcase name="signUp" time="15.434" classname="test.TestSignup"/>
  <testcase name="signUp" time="17.996" classname="test.TestSignup"/>
</testsuite> <!-- test.TestSignup -->
