<?xml version="1.0" encoding="UTF-8"?>
<!-- Generated by org.testng.reporters.JUnitReportReporter -->
<testsuite hostname="Jai-PC" name="test.TestLogin" tests="9" failures="0" timestamp="21 Jun 2018 12:11:53 GMT" time="140.793" errors="0">
  <testcase name="Login" time="15.055" classname="test.TestLogin"/>
  <testcase name="Login" time="16.432" classname="test.TestLogin"/>
  <testcase name="Login" time="15.945" classname="test.TestLogin"/>
  <testcase name="Login" time="15.721" classname="test.TestLogin"/>
  <testcase name="Login" time="16.356" classname="test.TestLogin"/>
  <testcase name="Login" time="14.579" classname="test.TestLogin"/>
  <testcase name="Login" time="15.915" classname="test.TestLogin"/>
  <testcase name="Login" time="15.240" classname="test.TestLogin"/>
  <testcase name="Login" time="15.550" classname="test.TestLogin"/>
</testsuite> <!-- test.TestLogin -->
