<?xml version="1.0" encoding="UTF-8"?>
<!-- Generated by org.testng.reporters.JUnitReportReporter -->
<testsuite hostname="Jai-PC" name="test.TestLogin" tests="9" failures="0" timestamp="21 Jun 2018 12:33:59 GMT" time="176.858" errors="0">
  <testcase name="Login" time="20.332" classname="test.TestLogin"/>
  <testcase name="Login" time="18.950" classname="test.TestLogin"/>
  <testcase name="Login" time="23.821" classname="test.TestLogin"/>
  <testcase name="Login" time="19.014" classname="test.TestLogin"/>
  <testcase name="Login" time="17.542" classname="test.TestLogin"/>
  <testcase name="Login" time="20.606" classname="test.TestLogin"/>
  <testcase name="Login" time="18.802" classname="test.TestLogin"/>
  <testcase name="Login" time="20.223" classname="test.TestLogin"/>
  <testcase name="Login" time="17.568" classname="test.TestLogin"/>
</testsuite> <!-- test.TestLogin -->
