<?xml version="1.0" encoding="UTF-8"?>
<!-- Generated by org.testng.reporters.JUnitReportReporter -->
<testsuite hostname="Jai-PC" name="test.TestSignup" tests="9" failures="0" timestamp="27 Sep 2018 16:29:51 GMT" time="186.630" errors="0">
  <testcase name="signUp" time="15.211" classname="test.TestSignup"/>
  <testcase name="signUp" time="15.062" classname="test.TestSignup"/>
  <testcase name="signUp" time="15.733" classname="test.TestSignup"/>
  <testcase name="signUp" time="15.530" classname="test.TestSignup"/>
  <testcase name="signUp" time="19.259" classname="test.TestSignup"/>
  <testcase name="signUp" time="60.129" classname="test.TestSignup"/>
  <testcase name="signUp" time="15.357" classname="test.TestSignup"/>
  <testcase name="signUp" time="14.969" classname="test.TestSignup"/>
  <testcase name="signUp" time="15.380" classname="test.TestSignup"/>
</testsuite> <!-- test.TestSignup -->
