<?xml version="1.0" encoding="UTF-8"?>
<!-- Generated by org.testng.reporters.JUnitReportReporter -->
<testsuite hostname="Jai-PC" name="test.TestLogin" tests="9" failures="0" timestamp="21 Jun 2018 15:33:30 GMT" time="196.433" errors="0">
  <testcase name="Login" time="20.048" classname="test.TestLogin"/>
  <testcase name="Login" time="26.667" classname="test.TestLogin"/>
  <testcase name="Login" time="20.501" classname="test.TestLogin"/>
  <testcase name="Login" time="20.844" classname="test.TestLogin"/>
  <testcase name="Login" time="21.603" classname="test.TestLogin"/>
  <testcase name="Login" time="19.487" classname="test.TestLogin"/>
  <testcase name="Login" time="18.122" classname="test.TestLogin"/>
  <testcase name="Login" time="30.865" classname="test.TestLogin"/>
  <testcase name="Login" time="18.296" classname="test.TestLogin"/>
</testsuite> <!-- test.TestLogin -->
