<?xml version="1.0" encoding="UTF-8"?>
<!-- Generated by org.testng.reporters.JUnitReportReporter -->
<testsuite hostname="Jai-PC" name="test.TestSignup" tests="9" failures="0" timestamp="21 Jun 2018 15:33:30 GMT" time="213.336" errors="0">
  <testcase name="signUp" time="17.536" classname="test.TestSignup"/>
  <testcase name="signUp" time="19.147" classname="test.TestSignup"/>
  <testcase name="signUp" time="26.883" classname="test.TestSignup"/>
  <testcase name="signUp" time="18.282" classname="test.TestSignup"/>
  <testcase name="signUp" time="46.465" classname="test.TestSignup"/>
  <testcase name="signUp" time="19.960" classname="test.TestSignup"/>
  <testcase name="signUp" time="26.366" classname="test.TestSignup"/>
  <testcase name="signUp" time="19.796" classname="test.TestSignup"/>
  <testcase name="signUp" time="18.901" classname="test.TestSignup"/>
</testsuite> <!-- test.TestSignup -->
