<?xml version="1.0" encoding="UTF-8"?>
<!-- Generated by org.testng.reporters.JUnitReportReporter -->
<testsuite hostname="Jai-PC" name="test.TestSignup" tests="9" failures="0" timestamp="21 Jun 2018 12:33:59 GMT" time="212.864" errors="0">
  <testcase name="signUp" time="43.068" classname="test.TestSignup"/>
  <testcase name="signUp" time="19.914" classname="test.TestSignup"/>
  <testcase name="signUp" time="20.705" classname="test.TestSignup"/>
  <testcase name="signUp" time="20.101" classname="test.TestSignup"/>
  <testcase name="signUp" time="19.829" classname="test.TestSignup"/>
  <testcase name="signUp" time="22.783" classname="test.TestSignup"/>
  <testcase name="signUp" time="27.527" classname="test.TestSignup"/>
  <testcase name="signUp" time="18.826" classname="test.TestSignup"/>
  <testcase name="signUp" time="20.111" classname="test.TestSignup"/>
</testsuite> <!-- test.TestSignup -->
